<?xml version="1.0" encoding="UTF-8"?>
<!-- Generated by org.testng.reporters.JUnitReportReporter -->
<testsuite skipped="0" hostname="LAPTOP-GJDICUD1" name="com.prueba01.Prueba01_Test" tests="1" failures="0" timestamp="2020-04-16T18:05:05 CDT" time="0.007" errors="0">
  <testcase name="prueba01" time="0.007" classname="com.prueba01.Prueba01_Test"/>
  <system-out/>
</testsuite> <!-- com.prueba01.Prueba01_Test -->
