<?xml version="1.0" encoding="UTF-8"?>
<!-- Generated by org.testng.reporters.JUnitReportReporter -->
<testsuite skipped="0" hostname="LAPTOP-GJDICUD1" name="com.prueba01.Prueba01test" tests="1" failures="0" timestamp="2020-04-16T18:02:14 CDT" time="0.015" errors="0">
  <testcase name="prueba01" time="0.015" classname="com.prueba01.Prueba01test"/>
  <system-out/>
</testsuite> <!-- com.prueba01.Prueba01test -->
